<?xml version="1.0" encoding="UTF-8"?>
<!-- Generated by org.testng.reporters.JUnitXMLReporter -->
<testsuite ignored="2" hostname="OM-SAI-RAM" failures="0" tests="6" name="Test" time="75.871" errors="0" timestamp="2023-08-28T19:13:50 IST">
  <testcase classname="vTiger.OrganizationsTests.CreateMultipleOrganizationWithIndustryTest" name="createMultipleOrganizationWithIndustryTest" time="7.144"/>
  <testcase classname="vTiger.OrganizationsTests.CreateMultipleOrganizationWithIndustryTest" name="createMultipleOrganizationWithIndustryTest" time="7.083"/>
  <testcase classname="vTiger.OrganizationsTests.CreateMultipleOrganizationWithIndustryTest" name="createMultipleOrganizationWithIndustryTest" time="7.614"/>
  <testcase classname="vTiger.OrganizationsTests.CreateMultipleOrganizationWithIndustryTest" name="createMultipleOrganizationWithIndustryTest" time="7.574"/>
  <testcase classname="vTiger.OrganizationsTests.CreateMultipleOrganizationWithIndustryTest" name="createMultipleOrganizationWithIndustryTest" time="6.765"/>
  <testcase classname="vTiger.OrganizationsTests.CreateOrganizationWithIndustryTest" name="createOrganizationWithIndustryTest" time="7.465"/>
  <testcase classname="vTiger.GenericUtilities.BaseClass" name="@AfterSuite asConfig" time="0.0">
    <ignored/>
  </testcase> <!-- @AfterSuite asConfig -->
  <testcase classname="vTiger.GenericUtilities.BaseClass" name="@BeforeSuite bsConfig" time="0.0">
    <ignored/>
  </testcase> <!-- @BeforeSuite bsConfig -->
</testsuite> <!-- Test -->
