<?xml version="1.0" encoding="UTF-8"?>
<!-- Generated by org.testng.reporters.JUnitXMLReporter -->
<testsuite ignored="0" hostname="OM-SAI-RAM" failures="0" tests="5" name="Test_Runner_1" time="72.719" errors="0" timestamp="2023-08-30T23:31:31 IST">
  <testcase classname="vTiger.OrganizationsTests.CreateMultipleOrganizationWithIndustryTest" name="createMultipleOrganizationWithIndustryTest" time="8.391"/>
  <testcase classname="vTiger.OrganizationsTests.CreateMultipleOrganizationWithIndustryTest" name="createMultipleOrganizationWithIndustryTest" time="6.939"/>
  <testcase classname="vTiger.OrganizationsTests.CreateMultipleOrganizationWithIndustryTest" name="createMultipleOrganizationWithIndustryTest" time="6.987"/>
  <testcase classname="vTiger.OrganizationsTests.CreateMultipleOrganizationWithIndustryTest" name="createMultipleOrganizationWithIndustryTest" time="7.367"/>
  <testcase classname="vTiger.OrganizationsTests.CreateMultipleOrganizationWithIndustryTest" name="createMultipleOrganizationWithIndustryTest" time="7.034"/>
</testsuite> <!-- Test_Runner_1 -->
