<?xml version="1.0" encoding="UTF-8"?>
<!-- Generated by org.testng.reporters.JUnitXMLReporter -->
<testsuite ignored="0" hostname="OM-SAI-RAM" failures="0" tests="3" name="Default test" time="0.108" errors="0" timestamp="2023-08-01T00:54:43 IST">
  <testcase classname="vtigerPractice.DataProviderPractice" name="addToCartTest" time="0.023"/>
  <testcase classname="vtigerPractice.DataProviderPractice" name="addToCartTest" time="0.002"/>
  <testcase classname="vtigerPractice.DataProviderPractice" name="addToCartTest" time="0.002"/>
</testsuite> <!-- Default test -->
