<?xml version="1.0" encoding="UTF-8"?>
<!-- Generated by org.testng.reporters.JUnitXMLReporter -->
<testsuite ignored="0" hostname="OM-SAI-RAM" failures="0" tests="5" name="Default test" time="75.888" errors="0" timestamp="2023-08-09T02:11:44 IST">
  <testcase classname="vTiger.OrganizationsTests.CreateMultipleOrganizationWithIndustry" name="createMultipleOrganization" time="16.297"/>
  <testcase classname="vTiger.OrganizationsTests.CreateMultipleOrganizationWithIndustry" name="createMultipleOrganization" time="14.494"/>
  <testcase classname="vTiger.OrganizationsTests.CreateMultipleOrganizationWithIndustry" name="createMultipleOrganization" time="14.994"/>
  <testcase classname="vTiger.OrganizationsTests.CreateMultipleOrganizationWithIndustry" name="createMultipleOrganization" time="14.33"/>
  <testcase classname="vTiger.OrganizationsTests.CreateMultipleOrganizationWithIndustry" name="createMultipleOrganization" time="14.807"/>
</testsuite> <!-- Default test -->
