<?xml version="1.0" encoding="UTF-8"?>
<!-- Generated by org.testng.reporters.JUnitXMLReporter -->
<testsuite ignored="4" hostname="OM-SAI-RAM" failures="2" tests="16" name="Test" time="260.425" errors="0" timestamp="2023-08-09T02:53:38 IST">
  <testcase classname="vtigerPractice.AssertionsPractice" name="sampleTest" time="0.01"/>
  <testcase classname="vTiger.OrganizationsTests.CreateMultipleOrganizationWithIndustry" name="createMultipleOrganization" time="20.282"/>
  <testcase classname="vTiger.OrganizationsTests.CreateMultipleOrganizationWithIndustry" name="createMultipleOrganization" time="13.601"/>
  <testcase classname="vTiger.OrganizationsTests.CreateMultipleOrganizationWithIndustry" name="createMultipleOrganization" time="13.862"/>
  <testcase classname="vTiger.OrganizationsTests.CreateMultipleOrganizationWithIndustry" name="createMultipleOrganization" time="14.002"/>
  <testcase classname="vTiger.OrganizationsTests.CreateMultipleOrganizationWithIndustry" name="createMultipleOrganization" time="14.499"/>
  <testcase classname="vTiger.OrganizationsTests.CreateMultipleOrganizationWithIndustryTest" name="createMultipleOrganizationWithIndustryTest" time="16.01"/>
  <testcase classname="vTiger.OrganizationsTests.CreateMultipleOrganizationWithIndustryTest" name="createMultipleOrganizationWithIndustryTest" time="14.703"/>
  <testcase classname="vTiger.OrganizationsTests.CreateMultipleOrganizationWithIndustryTest" name="createMultipleOrganizationWithIndustryTest" time="14.639"/>
  <testcase classname="vTiger.OrganizationsTests.CreateMultipleOrganizationWithIndustryTest" name="createMultipleOrganizationWithIndustryTest" time="16.383"/>
  <testcase classname="vTiger.OrganizationsTests.CreateMultipleOrganizationWithIndustryTest" name="createMultipleOrganizationWithIndustryTest" time="15.073"/>
  <testcase classname="vTiger.OrganizationsTests.CreateOrganizationWithIndustryTest" name="createOrganizationWithIndustryTest" time="15.386"/>
  <testcase classname="vtigerPractice.AssertionPracticeModified" name="sampleTest" time="0.003">
    <failure type="java.lang.AssertionError" message="expected [1] but found [2]">
      <![CDATA[java.lang.AssertionError: expected [1] but found [2]
at vtigerPractice.AssertionPracticeModified.sampleTest(AssertionPracticeModified.java:18)
at java.base/java.util.ArrayList.forEach(ArrayList.java:1511)
... Removed 31 stack frames]]>
    </failure>
  </testcase> <!-- sampleTest -->
  <testcase classname="vtigerPractice.AssertionPracticeModified" name="sampleTest1" time="0.008"/>
  <testcase classname="vtigerPractice.AssertionPracticeModified" name="sampleTest2" time="0.0">
    <failure type="java.lang.AssertionError" message="The following asserts failed:
	expected [1] but found [2],
	expected [true] but found [false]">
      <![CDATA[java.lang.AssertionError: The following asserts failed:
expected [1] but found [2],
expected [true] but found [false]
at vtigerPractice.AssertionPracticeModified.sampleTest2(AssertionPracticeModified.java:66)
at java.base/java.util.ArrayList.forEach(ArrayList.java:1511)
... Removed 27 stack frames]]>
    </failure>
  </testcase> <!-- sampleTest2 -->
  <testcase classname="vTiger.ContactsTests.CreateContactWithOrganizationTest" name="createContactWithOrganizationTest" time="30.532"/>
  <testcase classname="vTiger.GenericUtilities.BaseClass" name="@AfterSuite asConfig" time="0.0">
    <ignored/>
  </testcase> <!-- @AfterSuite asConfig -->
  <testcase classname="vTiger.GenericUtilities.BaseClass" name="@AfterSuite asConfig" time="0.0">
    <ignored/>
  </testcase> <!-- @AfterSuite asConfig -->
  <testcase classname="vTiger.GenericUtilities.BaseClass" name="@BeforeSuite bsConfig" time="0.0">
    <ignored/>
  </testcase> <!-- @BeforeSuite bsConfig -->
  <testcase classname="vTiger.GenericUtilities.BaseClass" name="@BeforeSuite bsConfig" time="0.0">
    <ignored/>
  </testcase> <!-- @BeforeSuite bsConfig -->
</testsuite> <!-- Test -->
