<?xml version="1.0" encoding="UTF-8"?>
<!-- Generated by org.testng.reporters.JUnitXMLReporter -->
<testsuite ignored="4" hostname="OM-SAI-RAM" failures="0" tests="12" name="Test" time="347.278" errors="0" timestamp="2023-08-30T21:43:18 IST">
  <testcase classname="vTiger.ContactsTests.CreateContactWithOrganizationTest" name="createContactWithOrganizationTest" time="28.649"/>
  <testcase classname="vTiger.OrganizationsTests.CreateMultipleOrganizationWithIndustry" name="createMultipleOrganization" time="26.253"/>
  <testcase classname="vTiger.OrganizationsTests.CreateMultipleOrganizationWithIndustry" name="createMultipleOrganization" time="27.355"/>
  <testcase classname="vTiger.OrganizationsTests.CreateMultipleOrganizationWithIndustry" name="createMultipleOrganization" time="28.731"/>
  <testcase classname="vTiger.OrganizationsTests.CreateMultipleOrganizationWithIndustry" name="createMultipleOrganization" time="27.16"/>
  <testcase classname="vTiger.OrganizationsTests.CreateMultipleOrganizationWithIndustry" name="createMultipleOrganization" time="28.012"/>
  <testcase classname="vTiger.OrganizationsTests.CreateMultipleOrganizationWithIndustryTest" name="createMultipleOrganizationWithIndustryTest" time="15.964"/>
  <testcase classname="vTiger.OrganizationsTests.CreateMultipleOrganizationWithIndustryTest" name="createMultipleOrganizationWithIndustryTest" time="16.415"/>
  <testcase classname="vTiger.OrganizationsTests.CreateMultipleOrganizationWithIndustryTest" name="createMultipleOrganizationWithIndustryTest" time="14.671"/>
  <testcase classname="vTiger.OrganizationsTests.CreateMultipleOrganizationWithIndustryTest" name="createMultipleOrganizationWithIndustryTest" time="14.516"/>
  <testcase classname="vTiger.OrganizationsTests.CreateMultipleOrganizationWithIndustryTest" name="createMultipleOrganizationWithIndustryTest" time="13.815"/>
  <testcase classname="vTiger.OrganizationsTests.CreateOrganizationWithIndustryTest" name="createOrganizationWithIndustryTest" time="14.063"/>
  <testcase classname="vTiger.GenericUtilities.BaseClass" name="@AfterSuite asConfig" time="0.0">
    <ignored/>
  </testcase> <!-- @AfterSuite asConfig -->
  <testcase classname="vTiger.GenericUtilities.BaseClass" name="@AfterSuite asConfig" time="0.0">
    <ignored/>
  </testcase> <!-- @AfterSuite asConfig -->
  <testcase classname="vTiger.GenericUtilities.BaseClass" name="@BeforeSuite bsConfig" time="0.0">
    <ignored/>
  </testcase> <!-- @BeforeSuite bsConfig -->
  <testcase classname="vTiger.GenericUtilities.BaseClass" name="@BeforeSuite bsConfig" time="0.0">
    <ignored/>
  </testcase> <!-- @BeforeSuite bsConfig -->
</testsuite> <!-- Test -->
