<?xml version="1.0" encoding="UTF-8"?>
<testng-results ignored="0" total="1" passed="1" failed="0" skipped="0">
  <reporter-output>
  </reporter-output>
  <suite started-at="2023-08-23T23:11:22 IST" name="Default suite" finished-at="2023-08-23T23:11:37 IST" duration-ms="14753">
    <groups>
    </groups>
    <test started-at="2023-08-23T23:11:22 IST" name="Default test" finished-at="2023-08-23T23:11:37 IST" duration-ms="14753">
      <class name="vTiger.OrganizationsTests.CreateOrganizationWithIndustryTest">
        <test-method is-config="true" signature="bsConfig()[pri:0, instance:vTiger.OrganizationsTests.CreateOrganizationWithIndustryTest@36bc55de]" started-at="2023-08-23T23:11:22 IST" name="bsConfig" finished-at="2023-08-23T23:11:22 IST" duration-ms="8" status="PASS">
          <reporter-output>
          </reporter-output>
        </test-method> <!-- bsConfig -->
        <test-method is-config="true" signature="bcConfig()[pri:0, instance:vTiger.OrganizationsTests.CreateOrganizationWithIndustryTest@36bc55de]" started-at="2023-08-23T23:11:22 IST" name="bcConfig" finished-at="2023-08-23T23:11:25 IST" duration-ms="3245" status="PASS">
          <reporter-output>
          </reporter-output>
        </test-method> <!-- bcConfig -->
        <test-method is-config="true" signature="bmConfig()[pri:0, instance:vTiger.OrganizationsTests.CreateOrganizationWithIndustryTest@36bc55de]" started-at="2023-08-23T23:11:25 IST" name="bmConfig" finished-at="2023-08-23T23:11:27 IST" duration-ms="1788" status="PASS">
          <reporter-output>
          </reporter-output>
        </test-method> <!-- bmConfig -->
        <test-method signature="createOrganizationWithIndustryTest()[pri:0, instance:vTiger.OrganizationsTests.CreateOrganizationWithIndustryTest@36bc55de]" started-at="2023-08-23T23:11:27 IST" name="createOrganizationWithIndustryTest" finished-at="2023-08-23T23:11:35 IST" duration-ms="7433" status="PASS">
          <reporter-output>
          </reporter-output>
        </test-method> <!-- createOrganizationWithIndustryTest -->
        <test-method is-config="true" signature="amConfig()[pri:0, instance:vTiger.OrganizationsTests.CreateOrganizationWithIndustryTest@36bc55de]" started-at="2023-08-23T23:11:35 IST" name="amConfig" finished-at="2023-08-23T23:11:37 IST" duration-ms="1984" status="PASS">
          <reporter-output>
          </reporter-output>
        </test-method> <!-- amConfig -->
        <test-method is-config="true" signature="acConfig()[pri:0, instance:vTiger.OrganizationsTests.CreateOrganizationWithIndustryTest@36bc55de]" started-at="2023-08-23T23:11:37 IST" name="acConfig" finished-at="2023-08-23T23:11:37 IST" duration-ms="250" status="PASS">
          <reporter-output>
          </reporter-output>
        </test-method> <!-- acConfig -->
        <test-method is-config="true" signature="asConfig()[pri:0, instance:vTiger.OrganizationsTests.CreateOrganizationWithIndustryTest@36bc55de]" started-at="2023-08-23T23:11:37 IST" name="asConfig" finished-at="2023-08-23T23:11:37 IST" duration-ms="1" status="PASS">
          <reporter-output>
          </reporter-output>
        </test-method> <!-- asConfig -->
      </class> <!-- vTiger.OrganizationsTests.CreateOrganizationWithIndustryTest -->
    </test> <!-- Default test -->
  </suite> <!-- Default suite -->
</testng-results>
