<?xml version="1.0" encoding="UTF-8"?>
<!-- Generated by org.testng.reporters.JUnitXMLReporter -->
<testsuite ignored="0" hostname="OM-SAI-RAM" failures="0" tests="4" name="Test_Runner_4" time="0.019" errors="0" timestamp="2023-08-30T23:21:21 IST">
  <testcase classname="vtigerPractice.TestNGPractice" name="createCustomer" time="0.001"/>
  <testcase classname="vtigerPractice.TestNGPractice" name="createCustomer" time="0.001"/>
  <testcase classname="vtigerPractice.TestNGPractice" name="modifyCustomer" time="0.0"/>
  <testcase classname="vtigerPractice.TestNGPractice" name="deleteCustomer" time="0.001"/>
</testsuite> <!-- Test_Runner_4 -->
