<?xml version="1.0" encoding="UTF-8"?>
<!-- Generated by org.testng.reporters.JUnitXMLReporter -->
<testsuite ignored="0" hostname="OM-SAI-RAM" failures="0" tests="5" name="Test_Runner_1" time="72.637" errors="0" timestamp="2023-08-28T21:14:01 IST">
  <testcase classname="vTiger.OrganizationsTests.CreateMultipleOrganizationWithIndustry" name="createMultipleOrganization" time="15.326"/>
  <testcase classname="vTiger.OrganizationsTests.CreateMultipleOrganizationWithIndustry" name="createMultipleOrganization" time="13.875"/>
  <testcase classname="vTiger.OrganizationsTests.CreateMultipleOrganizationWithIndustry" name="createMultipleOrganization" time="14.112"/>
  <testcase classname="vTiger.OrganizationsTests.CreateMultipleOrganizationWithIndustry" name="createMultipleOrganization" time="13.763"/>
  <testcase classname="vTiger.OrganizationsTests.CreateMultipleOrganizationWithIndustry" name="createMultipleOrganization" time="14.812"/>
</testsuite> <!-- Test_Runner_1 -->
